  Application.cpp
C:\Users\Sebastien\Desktop\C++ Portfolio\Learn OpenGL\OpenGL_Lighting\src\Application.cpp(151,22): warning C4244: 'initialisation' : conversion de 'double' en 'float', perte possible de données
C:\Users\Sebastien\Desktop\C++ Portfolio\Learn OpenGL\OpenGL_Lighting\src\Application.cpp(164,14): warning C4244: 'initialisation' : conversion de 'double' en 'float', perte possible de données
C:\Users\Sebastien\Desktop\C++ Portfolio\Learn OpenGL\OpenGL_Lighting\src\Application.cpp(165,14): warning C4244: 'initialisation' : conversion de 'double' en 'float', perte possible de données
C:\Users\Sebastien\Desktop\C++ Portfolio\Learn OpenGL\OpenGL_Lighting\src\Application.cpp(173,21): warning C4244: '=' : conversion de 'double' en 'T', perte possible de données
          with
          [
              T=float
          ]
C:\Users\Sebastien\Desktop\C++ Portfolio\Learn OpenGL\OpenGL_Lighting\src\Application.cpp(174,21): warning C4244: '=' : conversion de 'double' en 'T', perte possible de données
          with
          [
              T=float
          ]
C:\Users\Sebastien\Desktop\C++ Portfolio\Learn OpenGL\OpenGL_Lighting\src\Application.cpp(175,21): warning C4244: '=' : conversion de 'double' en 'T', perte possible de données
          with
          [
              T=float
          ]
C:\Users\Sebastien\Desktop\C++ Portfolio\Learn OpenGL\OpenGL_Lighting\src\Application.cpp(244,12): warning C4244: '=' : conversion de 'double' en 'float', perte possible de données
C:\Users\Sebastien\Desktop\C++ Portfolio\Learn OpenGL\OpenGL_Lighting\src\Application.cpp(245,12): warning C4244: '=' : conversion de 'double' en 'float', perte possible de données
C:\Users\Sebastien\Desktop\C++ Portfolio\Learn OpenGL\OpenGL_Lighting\src\Application.cpp(249,17): warning C4244: 'initialisation' : conversion de 'double' en 'float', perte possible de données
C:\Users\Sebastien\Desktop\C++ Portfolio\Learn OpenGL\OpenGL_Lighting\src\Application.cpp(250,17): warning C4244: 'initialisation' : conversion de 'double' en 'float', perte possible de données
C:\Users\Sebastien\Desktop\C++ Portfolio\Learn OpenGL\OpenGL_Lighting\src\Application.cpp(252,11): warning C4244: '=' : conversion de 'double' en 'float', perte possible de données
C:\Users\Sebastien\Desktop\C++ Portfolio\Learn OpenGL\OpenGL_Lighting\src\Application.cpp(253,11): warning C4244: '=' : conversion de 'double' en 'float', perte possible de données
C:\Users\Sebastien\Desktop\C++ Portfolio\Learn OpenGL\OpenGL_Lighting\src\Application.cpp(264,33): warning C4244: 'argument' : conversion de 'double' en 'float', perte possible de données
  Shader.cpp
  Texture.cpp
  stb_image.cpp
  Génération de code en cours...
LINK : warning LNK4098: conflit entre la bibliothèque par défaut 'LIBCMT' et les autres bibliothèques ; utilisez /NODEFAULTLIB:library
LINK : warning LNK4098: conflit entre la bibliothèque par défaut 'MSVCRT' et les autres bibliothèques ; utilisez /NODEFAULTLIB:library
glew32s.lib(glew.obj) : warning LNK4099: PDB 'vc120.pdb' n'a pu être trouvé avec 'glew32s.lib(glew.obj)' ou sur 'C:\Users\Sebastien\Desktop\C++ Portfolio\Learn OpenGL\OpenGL_Lighting\Debug\vc120.pdb' ; l'objet sera lié sans informations de débogage
  OpenGL_Revisions.vcxproj -> C:\Users\Sebastien\Desktop\C++ Portfolio\Learn OpenGL\OpenGL_Lighting\Debug\OpenGL_Revisions.exe
